\BOOKMARK [0][-]{chapter.0.1}{L'architecture du moteur 3D}{}% 1
\BOOKMARK [1][-]{section.0.1.1}{Un concept de "Sc\350ne"}{chapter.0.1}% 2
\BOOKMARK [2][-]{subsection.0.1.1.1}{D\351finition}{section.0.1.1}% 3
\BOOKMARK [2][-]{subsection.0.1.1.2}{Diagramme de classe}{section.0.1.1}% 4
\BOOKMARK [2][-]{subsection.0.1.1.3}{Avantages}{section.0.1.1}% 5
\BOOKMARK [1][-]{section.0.1.2}{Les syst\350mes de particules}{chapter.0.1}% 6
\BOOKMARK [2][-]{subsection.0.1.2.1}{D\351finition d'un point de vue physique}{section.0.1.2}% 7
\BOOKMARK [2][-]{subsection.0.1.2.2}{Diagramme de classe}{section.0.1.2}% 8
\BOOKMARK [1][-]{section.0.1.3}{La boucle de simulation}{chapter.0.1}% 9
\BOOKMARK [2][-]{subsection.0.1.3.1}{Situation initiale}{section.0.1.3}% 10
\BOOKMARK [2][-]{subsection.0.1.3.2}{Mise \340 jour des objets}{section.0.1.3}% 11
\BOOKMARK [2][-]{subsection.0.1.3.3}{Rendering \340 l'\351cran}{section.0.1.3}% 12
\BOOKMARK [1][-]{section.0.1.4}{Des utilitaires tr\350s pratiques}{chapter.0.1}% 13
\BOOKMARK [2][-]{subsection.0.1.4.1}{Un importateur d'objets cr\351\351s sous 3ds Max}{section.0.1.4}% 14
\BOOKMARK [2][-]{subsection.0.1.4.2}{Une gestion g\351n\351rique des inputs utilisateurs}{section.0.1.4}% 15
\BOOKMARK [2][-]{subsection.0.1.4.3}{Un syst\350me de log avanc\351}{section.0.1.4}% 16
\BOOKMARK [0][-]{chapter.0.2}{Rendu dans une sc\350ne}{}% 17
\BOOKMARK [1][-]{section.0.2.1}{Appartement Feng-Shui}{chapter.0.2}% 18
\BOOKMARK [2][-]{subsection.0.2.1.1}{Quelques impressions \351crans}{section.0.2.1}% 19
\BOOKMARK [2][-]{subsection.0.2.1.2}{Objets pr\351sents dans la sc\350ne}{section.0.2.1}% 20
\BOOKMARK [2][-]{subsection.0.2.1.3}{Shaders utilis\351s}{section.0.2.1}% 21
\BOOKMARK [1][-]{section.0.2.2}{Temp\352te de sable au Sahara}{chapter.0.2}% 22
\BOOKMARK [2][-]{subsection.0.2.2.1}{Quelques impressions \351crans}{section.0.2.2}% 23
\BOOKMARK [2][-]{subsection.0.2.2.2}{Objets pr\351sents dans la sc\350ne}{section.0.2.2}% 24
\BOOKMARK [2][-]{subsection.0.2.2.3}{Shaders utilis\351s}{section.0.2.2}% 25
\BOOKMARK [0][-]{chapter.0.3}{Bilan du projet}{}% 26
\BOOKMARK [1][-]{section.0.3.1}{Benchmark}{chapter.0.3}% 27
\BOOKMARK [1][-]{section.0.3.2}{Difficult\351s rencontr\351es}{chapter.0.3}% 28
\BOOKMARK [1][-]{section.0.3.3}{Am\351liorations possibles}{chapter.0.3}% 29
\BOOKMARK [-1][-]{chapter*.5}{Annexes}{}% 30
