La génération a démarré 05/04/2015 02:15:34.
     1>Projet "C:\Users\Sharundaar\Documents\Visual Studio 2013\Projects\OpenGLSDL\GraphicEngine\GraphicEngine.vcxproj" sur le nœud 2 (Build cible(s)).
     1>Link:
         C:\Program Files (x86)\Microsoft Visual Studio 12.0\VC\bin\link.exe /ERRORREPORT:PROMPT /OUT:"C:\Users\Sharundaar\Documents\Visual Studio 2013\Projects\OpenGLSDL\Debug\GraphicEngine.exe" /INCREMENTAL /NOLOGO /LIBPATH:"C:\Users\Sharundaar\Documents\Visual Studio 2013\SDL2-2.0.3\lib\Compiled" /LIBPATH:"C:\Users\Sharundaar\Documents\Visual Studio 2013\glew\lib" opengl32.lib glew32s.lib SDL2.lib SDL2main.lib /MANIFEST /MANIFESTUAC:"level='asInvoker' uiAccess='false'" /manifest:embed /DEBUG /PDB:"C:\Users\Sharundaar\Documents\Visual Studio 2013\Projects\OpenGLSDL\Debug\GraphicEngine.pdb" /SUBSYSTEM:CONSOLE /TLBID:1 /DYNAMICBASE /NXCOMPAT /IMPLIB:"C:\Users\Sharundaar\Documents\Visual Studio 2013\Projects\OpenGLSDL\Debug\GraphicEngine.lib" /MACHINE:X86 Debug\Camera.obj
         Debug\Cube.obj
         Debug\EditableObject3D.obj
         Debug\Framework.obj
         Debug\Helpers.obj
         Debug\InputManager.obj
         Debug\LogManager.obj
         Debug\main.obj
         Debug\Object3D.obj
         Debug\OBJImporter.obj
         Debug\Quaternion.obj
         Debug\Scene.obj
         Debug\SceneNode.obj
         Debug\SDLEventHandler.obj
         Debug\SDLEventManager.obj
         Debug\SDLInputManager.obj
         Debug\Shader.obj
         LINK : C:\Users\Sharundaar\Documents\Visual Studio 2013\Projects\OpenGLSDL\Debug\GraphicEngine.exe introuvable ou non généré par la dernière édition de liens incrémentielle ; édition de liens complète en cours
     1>LINK : warning LNK4098: conflit entre la bibliothèque par défaut 'LIBCMT' et les autres bibliothèques ; utilisez /NODEFAULTLIB:library
     1>MSVCRTD.lib(cinitexe.obj) : warning LNK4098: conflit entre la bibliothèque par défaut 'msvcrt.lib' et les autres bibliothèques ; utilisez /NODEFAULTLIB:library
     1>Shader.obj : warning LNK4049: symbole défini localement ___glewAttachShader importé
     1>Shader.obj : warning LNK4049: symbole défini localement ___glewCompileShader importé
     1>Shader.obj : warning LNK4049: symbole défini localement ___glewCreateProgram importé
     1>Shader.obj : warning LNK4049: symbole défini localement ___glewCreateShader importé
     1>Shader.obj : warning LNK4049: symbole défini localement ___glewDeleteProgram importé
     1>Shader.obj : warning LNK4049: symbole défini localement ___glewDeleteShader importé
     1>Shader.obj : warning LNK4049: symbole défini localement ___glewDisableVertexAttribArray importé
     1>Shader.obj : warning LNK4049: symbole défini localement ___glewEnableVertexAttribArray importé
     1>Shader.obj : warning LNK4049: symbole défini localement ___glewGetAttribLocation importé
     1>Shader.obj : warning LNK4049: symbole défini localement ___glewGetProgramInfoLog importé
     1>Shader.obj : warning LNK4049: symbole défini localement ___glewGetProgramiv importé
     1>Shader.obj : warning LNK4049: symbole défini localement ___glewGetShaderInfoLog importé
     1>Shader.obj : warning LNK4049: symbole défini localement ___glewGetShaderiv importé
     1>Shader.obj : warning LNK4049: symbole défini localement ___glewGetUniformLocation importé
     1>Shader.obj : warning LNK4049: symbole défini localement ___glewLinkProgram importé
     1>Shader.obj : warning LNK4049: symbole défini localement ___glewShaderSource importé
     1>Shader.obj : warning LNK4049: symbole défini localement ___glewUniform1i importé
     1>Shader.obj : warning LNK4049: symbole défini localement ___glewUniform3fv importé
     1>Shader.obj : warning LNK4049: symbole défini localement ___glewUniform4fv importé
     1>Shader.obj : warning LNK4049: symbole défini localement ___glewUniformMatrix4fv importé
     1>Shader.obj : warning LNK4049: symbole défini localement ___glewUseProgram importé
     1>Shader.obj : warning LNK4049: symbole défini localement ___glewVertexAttribPointer importé
     1>glew32s.lib(glew.obj) : warning LNK4099: PDB 'vc120.pdb' n'a pu être trouvé avec 'glew32s.lib(glew.obj)' ou sur 'C:\Users\Sharundaar\Documents\Visual Studio 2013\Projects\OpenGLSDL\Debug\vc120.pdb' ; l'objet sera lié sans informations de débogage
         GraphicEngine.vcxproj -> C:\Users\Sharundaar\Documents\Visual Studio 2013\Projects\OpenGLSDL\Debug\GraphicEngine.exe
     1>Génération du projet "C:\Users\Sharundaar\Documents\Visual Studio 2013\Projects\OpenGLSDL\GraphicEngine\GraphicEngine.vcxproj" terminée (Build cible(s)).

La génération a réussi.

Temps écoulé 00:00:00.22
